[0m14:23:39.209846 [debug] [MainThread]: Sending event: {'category': 'dbt', 'action': 'invocation', 'label': 'start', 'context': [<snowplow_tracker.self_describing_json.SelfDescribingJson object at 0x7f4230b85c30>, <snowplow_tracker.self_describing_json.SelfDescribingJson object at 0x7f422f3c8c70>, <snowplow_tracker.self_describing_json.SelfDescribingJson object at 0x7f422f3c8b80>]}


============================== 14:23:39.215987 | 17113c35-2320-4062-a672-f21a8552011c ==============================
[0m14:23:39.215987 [info ] [MainThread]: Running with dbt=1.5.1
[0m14:23:39.217226 [debug] [MainThread]: running dbt with arguments {'printer_width': '80', 'indirect_selection': 'eager', 'log_cache_events': 'False', 'write_json': 'True', 'partial_parse': 'True', 'cache_selected_only': 'False', 'warn_error': 'None', 'fail_fast': 'False', 'version_check': 'True', 'log_path': 'logs', 'debug': 'False', 'profiles_dir': '/home/masoud/.dbt', 'use_colors': 'True', 'use_experimental_parser': 'False', 'no_print': 'None', 'quiet': 'False', 'log_format': 'default', 'introspect': 'True', 'warn_error_options': 'WarnErrorOptions(include=[], exclude=[])', 'static_parser': 'True', 'target_path': 'None', 'send_anonymous_usage_stats': 'True'}
[0m14:23:39.218771 [debug] [MainThread]: Starter project path: /home/masoud/anaconda3/envs/fstore/lib/python3.10/site-packages/dbt/include/starter_project
[0m14:23:51.666851 [info ] [MainThread]: 
Your new dbt project "jaffle_shop" was created!

For more information on how to configure the profiles.yml file,
please consult the dbt documentation here:

  https://docs.getdbt.com/docs/configure-your-profile

One more thing:

Need help? Don't hesitate to reach out to us via GitHub issues or on Slack:

  https://community.getdbt.com/

Happy modeling!

[0m14:23:51.668250 [debug] [MainThread]: Command `dbt init` succeeded at 14:23:51.668093 after 12.47 seconds
[0m14:23:51.668920 [debug] [MainThread]: Sending event: {'category': 'dbt', 'action': 'invocation', 'label': 'end', 'context': [<snowplow_tracker.self_describing_json.SelfDescribingJson object at 0x7f4230b85c30>, <snowplow_tracker.self_describing_json.SelfDescribingJson object at 0x7f422fd07730>, <snowplow_tracker.self_describing_json.SelfDescribingJson object at 0x7f4230029ea0>]}
[0m14:23:51.669628 [debug] [MainThread]: Flushing usage events
[0m14:40:31.079863 [debug] [MainThread]: Sending event: {'category': 'dbt', 'action': 'invocation', 'label': 'start', 'context': [<snowplow_tracker.self_describing_json.SelfDescribingJson object at 0x7f8d32821c90>, <snowplow_tracker.self_describing_json.SelfDescribingJson object at 0x7f8d3125ccd0>, <snowplow_tracker.self_describing_json.SelfDescribingJson object at 0x7f8d3125cbe0>]}


============================== 14:40:31.092603 | 287b9281-e831-4218-975e-df8fe12976e8 ==============================
[0m14:40:31.092603 [info ] [MainThread]: Running with dbt=1.5.1
[0m14:40:31.093452 [debug] [MainThread]: running dbt with arguments {'printer_width': '80', 'indirect_selection': 'eager', 'write_json': 'True', 'log_cache_events': 'False', 'partial_parse': 'True', 'cache_selected_only': 'False', 'profiles_dir': '/home/masoud/.dbt', 'fail_fast': 'False', 'warn_error': 'None', 'log_path': 'logs', 'version_check': 'True', 'debug': 'False', 'use_colors': 'True', 'use_experimental_parser': 'False', 'no_print': 'None', 'quiet': 'False', 'warn_error_options': 'WarnErrorOptions(include=[], exclude=[])', 'introspect': 'True', 'static_parser': 'True', 'log_format': 'default', 'target_path': 'None', 'send_anonymous_usage_stats': 'True'}
[0m14:40:31.094219 [info ] [MainThread]: dbt version: 1.5.1
[0m14:40:31.094845 [info ] [MainThread]: python version: 3.10.11
[0m14:40:31.095453 [info ] [MainThread]: python path: /home/masoud/anaconda3/envs/fstore/bin/python
[0m14:40:31.096059 [info ] [MainThread]: os info: Linux-5.15.0-73-generic-x86_64-with-glibc2.31
[0m14:40:31.096667 [info ] [MainThread]: Using profiles.yml file at /home/masoud/.dbt/profiles.yml
[0m14:40:31.097277 [info ] [MainThread]: Using dbt_project.yml file at /media/masoud/F60C689F0C685C9D/GIT_REPOS/DBT/dbt-tutorial/dbt_project.yml
[0m14:40:31.097925 [info ] [MainThread]: Configuration:
[0m14:40:31.176682 [info ] [MainThread]:   profiles.yml file [[32mOK found and valid[0m]
[0m14:40:31.177733 [info ] [MainThread]:   dbt_project.yml file [[31mERROR not found[0m]
[0m14:40:31.178435 [info ] [MainThread]: Required dependencies:
[0m14:40:31.179097 [debug] [MainThread]: Executing "git --help"
[0m14:40:31.181683 [debug] [MainThread]: STDOUT: "b"usage: git [--version] [--help] [-C <path>] [-c <name>=<value>]\n           [--exec-path[=<path>]] [--html-path] [--man-path] [--info-path]\n           [-p | --paginate | -P | --no-pager] [--no-replace-objects] [--bare]\n           [--git-dir=<path>] [--work-tree=<path>] [--namespace=<name>]\n           <command> [<args>]\n\nThese are common Git commands used in various situations:\n\nstart a working area (see also: git help tutorial)\n   clone             Clone a repository into a new directory\n   init              Create an empty Git repository or reinitialize an existing one\n\nwork on the current change (see also: git help everyday)\n   add               Add file contents to the index\n   mv                Move or rename a file, a directory, or a symlink\n   restore           Restore working tree files\n   rm                Remove files from the working tree and from the index\n   sparse-checkout   Initialize and modify the sparse-checkout\n\nexamine the history and state (see also: git help revisions)\n   bisect            Use binary search to find the commit that introduced a bug\n   diff              Show changes between commits, commit and working tree, etc\n   grep              Print lines matching a pattern\n   log               Show commit logs\n   show              Show various types of objects\n   status            Show the working tree status\n\ngrow, mark and tweak your common history\n   branch            List, create, or delete branches\n   commit            Record changes to the repository\n   merge             Join two or more development histories together\n   rebase            Reapply commits on top of another base tip\n   reset             Reset current HEAD to the specified state\n   switch            Switch branches\n   tag               Create, list, delete or verify a tag object signed with GPG\n\ncollaborate (see also: git help workflows)\n   fetch             Download objects and refs from another repository\n   pull              Fetch from and integrate with another repository or a local branch\n   push              Update remote refs along with associated objects\n\n'git help -a' and 'git help -g' list available subcommands and some\nconcept guides. See 'git help <command>' or 'git help <concept>'\nto read about a specific subcommand or concept.\nSee 'git help git' for an overview of the system.\n""
[0m14:40:31.182365 [debug] [MainThread]: STDERR: "b''"
[0m14:40:31.182881 [info ] [MainThread]:  - git [[32mOK found[0m]

[0m14:40:31.183520 [info ] [MainThread]: Connection:
[0m14:40:31.184146 [info ] [MainThread]:   host: localhost
[0m14:40:31.184781 [info ] [MainThread]:   port: 5432
[0m14:40:31.185418 [info ] [MainThread]:   user: postgres
[0m14:40:31.186025 [info ] [MainThread]:   database: bekhoon_db
[0m14:40:31.186628 [info ] [MainThread]:   schema: public
[0m14:40:31.187232 [info ] [MainThread]:   search_path: None
[0m14:40:31.187896 [info ] [MainThread]:   keepalives_idle: 0
[0m14:40:31.188793 [info ] [MainThread]:   sslmode: None
[0m14:40:31.189758 [debug] [MainThread]: Acquiring new postgres connection 'debug'
[0m14:40:31.190398 [debug] [MainThread]: Using postgres connection "debug"
[0m14:40:31.190986 [debug] [MainThread]: On debug: select 1 as id
[0m14:40:31.191544 [debug] [MainThread]: Opening a new connection, currently in state init
[0m14:40:34.756755 [debug] [MainThread]: SQL status: SELECT 1 in 4.0 seconds
[0m14:40:34.761409 [debug] [MainThread]: On debug: Close
[0m14:40:34.763237 [info ] [MainThread]:   Connection test: [[32mOK connection ok[0m]

[0m14:40:34.765685 [info ] [MainThread]: [31m1 check failed:[0m
[0m14:40:34.767919 [info ] [MainThread]: Could not load dbt_project.yml

[0m14:40:34.770731 [debug] [MainThread]: Command `dbt debug` failed at 14:40:34.770336 after 3.83 seconds
[0m14:40:34.772369 [debug] [MainThread]: Connection 'debug' was properly closed.
[0m14:40:34.774341 [debug] [MainThread]: Sending event: {'category': 'dbt', 'action': 'invocation', 'label': 'end', 'context': [<snowplow_tracker.self_describing_json.SelfDescribingJson object at 0x7f8d32821c90>, <snowplow_tracker.self_describing_json.SelfDescribingJson object at 0x7f8d2f9289a0>, <snowplow_tracker.self_describing_json.SelfDescribingJson object at 0x7f8d2f92ba90>]}
[0m14:40:34.777578 [debug] [MainThread]: Flushing usage events
